C51 COMPILER V9.00   1602                                                                  11/07/2021 23:03:27 PAGE 1   


C51 COMPILER V9.00, COMPILATION OF MODULE 1602
OBJECT MODULE PLACED IN .\output\1602.obj
COMPILER INVOKED BY: C:\Keil\C51\BIN\C51.EXE fun\lcd1602\1602.c BROWSE DEBUG OBJECTEXTEND PRINT(.\listing\1602.lst) OBJE
                    -CT(.\output\1602.obj)

line level    source

   1          /*
   2           * @Author: 吴学富
   3           * @Date: 2021-11-07 18:39:56
   4           * @LastEditors: 吴学富
   5           * @LastEditTime: 2021-11-07 21:53:11
   6           * @FilePath: \Timer\fun\lcd1602\1602.c
   7           */
   8          #include "1602.h"
   9          
  10          void Write1602_Com(uint8 com)
  11          {
  12   1          E=0;
  13   1          RS=0;  //命令
  14   1          Delay(50);  //延时
  15   1          RW=0;  //写
  16   1          Delay(50);
  17   1          PORT=com;  //端口赋值
  18   1          Delay(50);
  19   1          E=1;  //高脉冲
  20   1          Delay(50);
  21   1          E=0;
  22   1      }
  23          
  24          void Write1602_Dat(uint8 dat)
  25          {
  26   1          E=0;
  27   1          RS=1;  //数据
  28   1          Delay(50);  //延时
  29   1          RW=0;  //写
  30   1          Delay(50);
  31   1          PORT=dat;  //端口赋值
  32   1          Delay(50);
  33   1          E=1;  //高脉冲
  34   1          Delay(50);
  35   1          E=0;
  36   1      }
  37          
  38          void CheckBusy(void)
  39          {
  40   1          uint8 temp;
  41   1          RS=0;  //命令
  42   1          RW=1;  //读
  43   1          E=0;
  44   1          while(1)
  45   1          {
  46   2             PORT=0xFF;  //端口为输入
  47   2             E=1;  //高脉冲
  48   2             temp=PORT;
  49   2             E=0;
  50   2             if ((temp&0x80)==0)  //检查BF位是否为0
  51   2                 break;
  52   2          }
  53   1      }
  54          
C51 COMPILER V9.00   1602                                                                  11/07/2021 23:03:27 PAGE 2   

  55          void init1602(void)
  56          {
  57   1          Write1602_Com(SETMODE);  //模式设置
  58   1          Delay(500);
  59   1          Write1602_Com(DISOPEN);  //显示设置
  60   1          Delay(500);
  61   1          Write1602_Com(DISMODE);  //显示模式
  62   1          Delay(500);
  63   1          Write1602_Com(CLEAR);  //清屏
  64   1          Delay(500);
  65   1      }
  66          
  67          void Write1602_One_Dat(uint8 x,uint8 y,uint8 dat)
  68          {
  69   1          x&=0x0f;
  70   1          y&=0x01;
  71   1          if(y)
  72   1             x|=0x40;
  73   1          x|=0x80;
  74   1          Write1602_Com(x);
  75   1          Write1602_Dat(dat);
  76   1      }
  77          
  78          void Write1602_Str(uint8 addr,uint8 length,uint8 *pbuf)
  79          {
  80   1          uint8 i;
  81   1          Write1602_Com(addr);
  82   1          for(i=0;i < length; i++)
  83   1          {
  84   2             Write1602_Dat(pbuf[i]);
  85   2          }
  86   1      }


MODULE INFORMATION:   STATIC OVERLAYABLE
   CODE SIZE        =    226    ----
   CONSTANT SIZE    =   ----    ----
   XDATA SIZE       =   ----    ----
   PDATA SIZE       =   ----    ----
   DATA SIZE        =   ----       8
   IDATA SIZE       =   ----    ----
   BIT SIZE         =   ----    ----
END OF MODULE INFORMATION.


C51 COMPILATION COMPLETE.  0 WARNING(S),  0 ERROR(S)
