C51 COMPILER V9.00   MAIN                                                                  11/07/2021 23:03:27 PAGE 1   


C51 COMPILER V9.00, COMPILATION OF MODULE MAIN
OBJECT MODULE PLACED IN .\output\main.obj
COMPILER INVOKED BY: C:\Keil\C51\BIN\C51.EXE main\main.c BROWSE DEBUG OBJECTEXTEND PRINT(.\listing\main.lst) OBJECT(.\ou
                    -tput\main.obj)

line level    source

   1          /*
   2           * @Author: 吴学富
   3           * @Date: 2021-11-07 19:06:47
   4           * @LastEditors: 吴学富
   5           * @LastEditTime: 2021-11-07 22:58:28
   6           * @FilePath: \Timer\main\main.c
   7           */
   8          
   9          #include "_main.h"
  10          
  11          uint8 data dis_buf[] = "00:00:00   Timer";//显示缓存，时-分-秒
  12          
  13          uint8 data dis_set[]="Set time";
  14          uint8 data dis_timeing[]="Timing";
  15          uint8 data dis_ultimate[] = "Timer's up";
  16          uint8 data dis_pause[] = "Paused";
  17          
  18          int8 data time[3] = {0, 0, 0};//秒，分，时 取值范围:-1~60
  19          
  20          uint8 data i = 0, j = 0;//计数次数 取值范围：0~20
  21          
  22          int8 data setting_i = 3;//时间位 取值范围:-1~3
  23          
  24          bit end = 0;     //结束状态
  25          bit runing = 0;  //计时状态
  26          bit setting = 0; //设置状态
  27          
  28          void main()
  29          {
  30   1      
  31   1          init();
  32   1          while (1)
  33   1          {
  34   2              display();
  35   2              if (end == 1)
  36   2              {
  37   3                  alarm();
  38   3              }
  39   2          }
  40   1      }
  41          
  42          /* **************************************
  43           * Function:dl_ms()
  44           * Description:延迟函数
  45           * *************************************/
  46          void dl_ms()
  47          {
  48   1          uint32 k;
  49   1          for (k = 0; k < 130; k++);
  50   1      }
  51          
  52          /* **************************************
  53           * Function:display()
  54           * Description:lcd1602显示函数(数字部分)
C51 COMPILER V9.00   MAIN                                                                  11/07/2021 23:03:27 PAGE 2   

  55           * Calls : 
  56           * *************************************/
  57          void display() //显示函数
  58          {
  59   1          Write1602_Str(0x80,strlen(dis_buf),dis_buf);
  60   1      }
  61          
  62          /* **************************************
  63           * Function:updataDisBuf()
  64           * Description:更新显示缓存
  65           * input:time[]
  66           * output"dis_buf[]
  67           * *************************************/
  68          void updataDisBuf()
  69          {
  70   1          //秒赋值
  71   1          dis_buf[7] = '0'+ time[0] % 10;
  72   1          dis_buf[6] = '0'+ time[0] / 10;
  73   1      
  74   1          //分赋值
  75   1          dis_buf[4] = '0'+ time[1] % 10;
  76   1          dis_buf[3] = '0'+ time[1] / 10;
  77   1      
  78   1          //时赋值
  79   1          dis_buf[1] = '0'+ time[2] % 10;
  80   1          dis_buf[0] = '0'+ time[2] / 10;
  81   1      }
  82          
  83          /* **************************************
  84           * Function : init()
  85           * Description : 初始化各个寄存器
  86           * input : TMOD, THx, TLx, LED, IE, IT0, IT1
  87           * *************************************/
  88          void init()
  89          {
  90   1          TMOD = 0x11;
  91   1      
  92   1          TH0 = (65536 - 50000) / 256;
  93   1          TL0 = (65536 - 50000) % 256;
  94   1      
  95   1          TH1 = (65536 - 50000) / 256;
  96   1          TL1 = (65536 - 50000) % 256;
  97   1      
  98   1          LED = 0;
  99   1      
 100   1          IE = 0x8f;
 101   1          IT0 = 1;
 102   1          IT1 = 1;
 103   1      
 104   1          init1602();  //初始化1602
 105   1      }
 106          
 107          /* **************************************
 108           * Function : alarm()
 109           * Description : 蜂鸣器响、绿色LED灯闪烁
 110           * Calls : dl_ms()
 111           * *************************************/
 112          void alarm()
 113          {
 114   1          BUZZER = ~BUZZER;
 115   1          LED = ~LED;
 116   1          dl_ms();   
C51 COMPILER V9.00   MAIN                                                                  11/07/2021 23:03:27 PAGE 3   

 117   1      }
 118          
 119          /* **************************************
 120           * Function : button_i0()
 121           * Description : 在设置状态下，使对应时间位加1
 122           *               在未计时状态下，开始计时
 123           *               在计时状态下，暂停计时
 124           *               在结束状态下，停止报警
 125           * Calls : updataDisBuf()
 126           * input : end, setting, time[], TR0, EX1
 127           * output : end, EX1, time[], TR0, runing
 128           * *************************************/
 129          void button_i0() interrupt 0
 130          {
 131   1          if (1 == end)
 132   1          {
 133   2              end = 0;
 134   2              LED = 0;
 135   2              EX1 = 1;
 136   2              dis_buf[2] = ':';
 137   2              dis_buf[5] = ':';
 138   2              Write1602_Com(CLEAR);
 139   2              Delay(50);
 140   2          }
 141   1      
 142   1          if (1 == setting) //对应位加1
 143   1          {
 144   2              time[setting_i]++;
 145   2              if (time[setting_i] == 60)
 146   2              {
 147   3                  time[setting_i] = 0;
 148   3              }
 149   2              updataDisBuf();
 150   2          }
 151   1          else if (0 != (time[0] + time[1] + time[2])) //保证不能从零开始计时
 152   1          {
 153   2              TR0 = ~TR0;
 154   2              EX1 = ~EX1;
 155   2              runing = 1;
 156   2              Write1602_Str(0x80+0x40,6,dis_timeing);
 157   2          }
 158   1      }
 159          
 160          /* **************************************
 161           * Function : button_i1()
 162           * Description : 在未计时状态下,对倒计时的时间进行设置;
 163           *               在计时状态下，暂停计时条件下进行清零
 164           * Calls : updataDisBuf()
 165           * input : time[],setting_i, runing, setting
 166           * output : runing, time[], setting, dis_buf[], setting_i, TR1
 167           * *************************************/
 168          void button_i1() interrupt 2
 169          {
 170   1          if (1 == runing) //清零
 171   1          {
 172   2              //从计时状态转换到未计时状态
 173   2              runing = 0;
 174   2      
 175   2              time[0] = 0;
 176   2              time[1] = 0;
 177   2              time[2] = 0;
 178   2              dis_buf[2] = ':';
C51 COMPILER V9.00   MAIN                                                                  11/07/2021 23:03:27 PAGE 4   

 179   2              dis_buf[5] = ':';
 180   2              Write1602_Com(CLEAR);
 181   2              Delay(50);
 182   2              updataDisBuf();
 183   2          }
 184   1          else //设置
 185   1          {
 186   2              //从未计时状态转换到设置状态
 187   2              setting = 1;
 188   2              Write1602_Str(0x80+0x40,7,dis_set);
 189   2              //保证上一位时间被显示
 190   2              if (setting_i != 3)
 191   2              {
 192   3                  dis_buf[7 - 3 * setting_i] = '0'+ time[setting_i] % 10;
 193   3                  dis_buf[6 - 3 * setting_i] = '0'+ time[setting_i] / 10;
 194   3              }
 195   2              setting_i--;
 196   2              TR1 = 1;
 197   2      
 198   2              //从设置状态转换到未计时状态
 199   2              if (-1 == setting_i)
 200   2              {
 201   3                  setting = 0;
 202   3                  setting_i = 3;
 203   3                  TR1 = 0;
 204   3                  dis_buf[2] = ':';
 205   3                  dis_buf[5] = ':';
 206   3                  Write1602_Com(CLEAR);
 207   3                  Delay(50);
 208   3              }
 209   2          }
 210   1      }
 211          
 212          /* **************************************
 213           * Function : time_t0
 214           * Description : 倒计时，使用计数器0，工作方式1，计时50ms
 215           * Calls : updataDisBuf()
 216           * input : TH0, TH1, time[], i
 217           * output : TR0, time[], end, runing
 218           * *************************************/
 219          void time_t0() interrupt 1
 220          {
 221   1          TH0 = (65536 - 50000) / 256;
 222   1          TL0 = (65536 - 50000) % 256;
 223   1      
 224   1          i++;
 225   1          if (10 == i)
 226   1          {
 227   2              dis_buf[2] = ' ';
 228   2              dis_buf[5] = ' ';
 229   2          }
 230   1          
 231   1          if (20 == i)
 232   1          {
 233   2              dis_buf[2] = ':';
 234   2              dis_buf[5] = ':';
 235   2              i = 0;
 236   2              time[0]--;
 237   2              if (-1 == time[0])
 238   2              {
 239   3                  time[1]--;
 240   3                  time[0] = 59;
C51 COMPILER V9.00   MAIN                                                                  11/07/2021 23:03:27 PAGE 5   

 241   3                  if (-1 == time[1])
 242   3                  {
 243   4                      time[2]--;
 244   4                      time[1] = 59;
 245   4                  } //end of if(-1 == time[1])
 246   3              }//end of if(-1 == time[0])
 247   2      
 248   2              if (0 == (time[0] + time[1] + time[2])) //计时结束
 249   2              {
 250   3                  TR0 = 0;
 251   3      
 252   3                  //从计时状态转换到结束状态
 253   3                  end = 1;
 254   3                  runing = 0;
 255   3                  Write1602_Str(0x80+0x40,10,dis_ultimate);
 256   3              } //end of if(0 == (time[0]+time[1]+time[2]))
 257   2      
 258   2              updataDisBuf();
 259   2          } //end of if(20 == i)
 260   1      }
 261          
 262          /* **************************************
 263           * Function : time_t1()
 264           * Description : 设置对应时间位进行闪烁，使用计数器1，工作方式1，计时50ms
 265           * input : TH1, TL1, j, setting_i, time[]
 266           * output : dis_buf[]
 267           * *************************************/
 268          void time_t1() interrupt 3
 269          {
 270   1          TH1 = (65536 - 50000) / 256;
 271   1          TL1 = (65536 - 50000) % 256;
 272   1      
 273   1          j++;
 274   1          if (10 == j)
 275   1          {
 276   2              dis_buf[7 - 3 * setting_i] = ' ';
 277   2              dis_buf[6 - 3 * setting_i] = ' ';
 278   2          }
 279   1          if (20 == j)
 280   1          {
 281   2              j = 0;
 282   2              dis_buf[7 - 3 * setting_i] = '0' + time[setting_i] % 10;
 283   2              dis_buf[6 - 3 * setting_i] = '0' + time[setting_i] / 10;
 284   2          }
 285   1      }


MODULE INFORMATION:   STATIC OVERLAYABLE
   CODE SIZE        =    909    ----
   CONSTANT SIZE    =   ----    ----
   XDATA SIZE       =   ----    ----
   PDATA SIZE       =   ----    ----
   DATA SIZE        =     57       4
   IDATA SIZE       =   ----    ----
   BIT SIZE         =      3    ----
END OF MODULE INFORMATION.


C51 COMPILATION COMPLETE.  0 WARNING(S),  0 ERROR(S)
